c:\users\msi\desktop\upc-savetheriver\upc-savetheriver\debug\upc-savetheriver.pch
c:\users\msi\desktop\upc-savetheriver\upc-savetheriver\debug\vc142.pdb
c:\users\msi\desktop\upc-savetheriver\upc-savetheriver\debug\pch.obj
c:\users\msi\desktop\upc-savetheriver\upc-savetheriver\debug\upc-savetheriver.obj
c:\users\msi\desktop\upc-savetheriver\upc-savetheriver\debug\assemblyinfo.obj
c:\users\msi\desktop\upc-savetheriver\upc-savetheriver\debug\.netframework,version=v4.6.assemblyattributes.obj
c:\users\msi\desktop\upc-savetheriver\upc-savetheriver\debug\.netframework,version=v4.6.assemblyattributes.asm
c:\users\msi\desktop\upc-savetheriver\debug\upc-savetheriver.exe
c:\users\msi\desktop\upc-savetheriver\debug\upc-savetheriver.pdb
c:\users\msi\desktop\upc-savetheriver\upc-savetheriver\debug\app.res
c:\users\msi\desktop\upc-savetheriver\upc-savetheriver\debug\upc-savetheriver.vcxprojassemblyreference.cache
c:\users\msi\desktop\upc-savetheriver\upc-savetheriver\debug\upc-savetheriver.tlog\cl.command.1.tlog
c:\users\msi\desktop\upc-savetheriver\upc-savetheriver\debug\upc-savetheriver.tlog\cl.read.1.tlog
c:\users\msi\desktop\upc-savetheriver\upc-savetheriver\debug\upc-savetheriver.tlog\cl.write.1.tlog
c:\users\msi\desktop\upc-savetheriver\upc-savetheriver\debug\upc-savetheriver.tlog\link.10012.delete.1.tlog
c:\users\msi\desktop\upc-savetheriver\upc-savetheriver\debug\upc-savetheriver.tlog\link.10100.delete.1.tlog
c:\users\msi\desktop\upc-savetheriver\upc-savetheriver\debug\upc-savetheriver.tlog\link.10192.delete.1.tlog
c:\users\msi\desktop\upc-savetheriver\upc-savetheriver\debug\upc-savetheriver.tlog\link.10336.delete.1.tlog
c:\users\msi\desktop\upc-savetheriver\upc-savetheriver\debug\upc-savetheriver.tlog\link.10368.delete.1.tlog
c:\users\msi\desktop\upc-savetheriver\upc-savetheriver\debug\upc-savetheriver.tlog\link.104.delete.1.tlog
c:\users\msi\desktop\upc-savetheriver\upc-savetheriver\debug\upc-savetheriver.tlog\link.10524.delete.1.tlog
c:\users\msi\desktop\upc-savetheriver\upc-savetheriver\debug\upc-savetheriver.tlog\link.10548.delete.1.tlog
c:\users\msi\desktop\upc-savetheriver\upc-savetheriver\debug\upc-savetheriver.tlog\link.10620.delete.1.tlog
c:\users\msi\desktop\upc-savetheriver\upc-savetheriver\debug\upc-savetheriver.tlog\link.10624.delete.1.tlog
c:\users\msi\desktop\upc-savetheriver\upc-savetheriver\debug\upc-savetheriver.tlog\link.10936.delete.1.tlog
c:\users\msi\desktop\upc-savetheriver\upc-savetheriver\debug\upc-savetheriver.tlog\link.10940.delete.1.tlog
c:\users\msi\desktop\upc-savetheriver\upc-savetheriver\debug\upc-savetheriver.tlog\link.10948.delete.1.tlog
c:\users\msi\desktop\upc-savetheriver\upc-savetheriver\debug\upc-savetheriver.tlog\link.1100.delete.1.tlog
c:\users\msi\desktop\upc-savetheriver\upc-savetheriver\debug\upc-savetheriver.tlog\link.11040.delete.1.tlog
c:\users\msi\desktop\upc-savetheriver\upc-savetheriver\debug\upc-savetheriver.tlog\link.11108.delete.1.tlog
c:\users\msi\desktop\upc-savetheriver\upc-savetheriver\debug\upc-savetheriver.tlog\link.11136.delete.1.tlog
c:\users\msi\desktop\upc-savetheriver\upc-savetheriver\debug\upc-savetheriver.tlog\link.11168.delete.1.tlog
c:\users\msi\desktop\upc-savetheriver\upc-savetheriver\debug\upc-savetheriver.tlog\link.11236.delete.1.tlog
c:\users\msi\desktop\upc-savetheriver\upc-savetheriver\debug\upc-savetheriver.tlog\link.11300.delete.1.tlog
c:\users\msi\desktop\upc-savetheriver\upc-savetheriver\debug\upc-savetheriver.tlog\link.11332.delete.1.tlog
c:\users\msi\desktop\upc-savetheriver\upc-savetheriver\debug\upc-savetheriver.tlog\link.11376.delete.1.tlog
c:\users\msi\desktop\upc-savetheriver\upc-savetheriver\debug\upc-savetheriver.tlog\link.11480.delete.1.tlog
c:\users\msi\desktop\upc-savetheriver\upc-savetheriver\debug\upc-savetheriver.tlog\link.11636.delete.1.tlog
c:\users\msi\desktop\upc-savetheriver\upc-savetheriver\debug\upc-savetheriver.tlog\link.1168.delete.1.tlog
c:\users\msi\desktop\upc-savetheriver\upc-savetheriver\debug\upc-savetheriver.tlog\link.11708.delete.1.tlog
c:\users\msi\desktop\upc-savetheriver\upc-savetheriver\debug\upc-savetheriver.tlog\link.11724.delete.1.tlog
c:\users\msi\desktop\upc-savetheriver\upc-savetheriver\debug\upc-savetheriver.tlog\link.11832.delete.1.tlog
c:\users\msi\desktop\upc-savetheriver\upc-savetheriver\debug\upc-savetheriver.tlog\link.11896.delete.1.tlog
c:\users\msi\desktop\upc-savetheriver\upc-savetheriver\debug\upc-savetheriver.tlog\link.1200.delete.1.tlog
c:\users\msi\desktop\upc-savetheriver\upc-savetheriver\debug\upc-savetheriver.tlog\link.12036.delete.1.tlog
c:\users\msi\desktop\upc-savetheriver\upc-savetheriver\debug\upc-savetheriver.tlog\link.12124.delete.1.tlog
c:\users\msi\desktop\upc-savetheriver\upc-savetheriver\debug\upc-savetheriver.tlog\link.12164.delete.1.tlog
c:\users\msi\desktop\upc-savetheriver\upc-savetheriver\debug\upc-savetheriver.tlog\link.12192.delete.1.tlog
c:\users\msi\desktop\upc-savetheriver\upc-savetheriver\debug\upc-savetheriver.tlog\link.12292.delete.1.tlog
c:\users\msi\desktop\upc-savetheriver\upc-savetheriver\debug\upc-savetheriver.tlog\link.12348.delete.1.tlog
c:\users\msi\desktop\upc-savetheriver\upc-savetheriver\debug\upc-savetheriver.tlog\link.1236.delete.1.tlog
c:\users\msi\desktop\upc-savetheriver\upc-savetheriver\debug\upc-savetheriver.tlog\link.1248.delete.1.tlog
c:\users\msi\desktop\upc-savetheriver\upc-savetheriver\debug\upc-savetheriver.tlog\link.12584.delete.1.tlog
c:\users\msi\desktop\upc-savetheriver\upc-savetheriver\debug\upc-savetheriver.tlog\link.12592.delete.1.tlog
c:\users\msi\desktop\upc-savetheriver\upc-savetheriver\debug\upc-savetheriver.tlog\link.1260.delete.1.tlog
c:\users\msi\desktop\upc-savetheriver\upc-savetheriver\debug\upc-savetheriver.tlog\link.12644.delete.1.tlog
c:\users\msi\desktop\upc-savetheriver\upc-savetheriver\debug\upc-savetheriver.tlog\link.12704.delete.1.tlog
c:\users\msi\desktop\upc-savetheriver\upc-savetheriver\debug\upc-savetheriver.tlog\link.1284.delete.1.tlog
c:\users\msi\desktop\upc-savetheriver\upc-savetheriver\debug\upc-savetheriver.tlog\link.12840.delete.1.tlog
c:\users\msi\desktop\upc-savetheriver\upc-savetheriver\debug\upc-savetheriver.tlog\link.12916.delete.1.tlog
c:\users\msi\desktop\upc-savetheriver\upc-savetheriver\debug\upc-savetheriver.tlog\link.13120.delete.1.tlog
c:\users\msi\desktop\upc-savetheriver\upc-savetheriver\debug\upc-savetheriver.tlog\link.13132.delete.1.tlog
c:\users\msi\desktop\upc-savetheriver\upc-savetheriver\debug\upc-savetheriver.tlog\link.13140.delete.1.tlog
c:\users\msi\desktop\upc-savetheriver\upc-savetheriver\debug\upc-savetheriver.tlog\link.13148.delete.1.tlog
c:\users\msi\desktop\upc-savetheriver\upc-savetheriver\debug\upc-savetheriver.tlog\link.13160.delete.1.tlog
c:\users\msi\desktop\upc-savetheriver\upc-savetheriver\debug\upc-savetheriver.tlog\link.13172.delete.1.tlog
c:\users\msi\desktop\upc-savetheriver\upc-savetheriver\debug\upc-savetheriver.tlog\link.13204.delete.1.tlog
c:\users\msi\desktop\upc-savetheriver\upc-savetheriver\debug\upc-savetheriver.tlog\link.13260.delete.1.tlog
c:\users\msi\desktop\upc-savetheriver\upc-savetheriver\debug\upc-savetheriver.tlog\link.13280.delete.1.tlog
c:\users\msi\desktop\upc-savetheriver\upc-savetheriver\debug\upc-savetheriver.tlog\link.13300.delete.1.tlog
c:\users\msi\desktop\upc-savetheriver\upc-savetheriver\debug\upc-savetheriver.tlog\link.13340.delete.1.tlog
c:\users\msi\desktop\upc-savetheriver\upc-savetheriver\debug\upc-savetheriver.tlog\link.13380.delete.1.tlog
c:\users\msi\desktop\upc-savetheriver\upc-savetheriver\debug\upc-savetheriver.tlog\link.13452.delete.1.tlog
c:\users\msi\desktop\upc-savetheriver\upc-savetheriver\debug\upc-savetheriver.tlog\link.13504.delete.1.tlog
c:\users\msi\desktop\upc-savetheriver\upc-savetheriver\debug\upc-savetheriver.tlog\link.13516.delete.1.tlog
c:\users\msi\desktop\upc-savetheriver\upc-savetheriver\debug\upc-savetheriver.tlog\link.13560.delete.1.tlog
c:\users\msi\desktop\upc-savetheriver\upc-savetheriver\debug\upc-savetheriver.tlog\link.13852.delete.1.tlog
c:\users\msi\desktop\upc-savetheriver\upc-savetheriver\debug\upc-savetheriver.tlog\link.13860.delete.1.tlog
c:\users\msi\desktop\upc-savetheriver\upc-savetheriver\debug\upc-savetheriver.tlog\link.14004.delete.1.tlog
c:\users\msi\desktop\upc-savetheriver\upc-savetheriver\debug\upc-savetheriver.tlog\link.14048.delete.1.tlog
c:\users\msi\desktop\upc-savetheriver\upc-savetheriver\debug\upc-savetheriver.tlog\link.14156.delete.1.tlog
c:\users\msi\desktop\upc-savetheriver\upc-savetheriver\debug\upc-savetheriver.tlog\link.14508.delete.1.tlog
c:\users\msi\desktop\upc-savetheriver\upc-savetheriver\debug\upc-savetheriver.tlog\link.1480.delete.1.tlog
c:\users\msi\desktop\upc-savetheriver\upc-savetheriver\debug\upc-savetheriver.tlog\link.15024.delete.1.tlog
c:\users\msi\desktop\upc-savetheriver\upc-savetheriver\debug\upc-savetheriver.tlog\link.15048.delete.1.tlog
c:\users\msi\desktop\upc-savetheriver\upc-savetheriver\debug\upc-savetheriver.tlog\link.15072.delete.1.tlog
c:\users\msi\desktop\upc-savetheriver\upc-savetheriver\debug\upc-savetheriver.tlog\link.15088.delete.1.tlog
c:\users\msi\desktop\upc-savetheriver\upc-savetheriver\debug\upc-savetheriver.tlog\link.15148.delete.1.tlog
c:\users\msi\desktop\upc-savetheriver\upc-savetheriver\debug\upc-savetheriver.tlog\link.15224.delete.1.tlog
c:\users\msi\desktop\upc-savetheriver\upc-savetheriver\debug\upc-savetheriver.tlog\link.15268.delete.1.tlog
c:\users\msi\desktop\upc-savetheriver\upc-savetheriver\debug\upc-savetheriver.tlog\link.15356.delete.1.tlog
c:\users\msi\desktop\upc-savetheriver\upc-savetheriver\debug\upc-savetheriver.tlog\link.15388.delete.1.tlog
c:\users\msi\desktop\upc-savetheriver\upc-savetheriver\debug\upc-savetheriver.tlog\link.15500.delete.1.tlog
c:\users\msi\desktop\upc-savetheriver\upc-savetheriver\debug\upc-savetheriver.tlog\link.15608.delete.1.tlog
c:\users\msi\desktop\upc-savetheriver\upc-savetheriver\debug\upc-savetheriver.tlog\link.15780.delete.1.tlog
c:\users\msi\desktop\upc-savetheriver\upc-savetheriver\debug\upc-savetheriver.tlog\link.15796.delete.1.tlog
c:\users\msi\desktop\upc-savetheriver\upc-savetheriver\debug\upc-savetheriver.tlog\link.16192.delete.1.tlog
c:\users\msi\desktop\upc-savetheriver\upc-savetheriver\debug\upc-savetheriver.tlog\link.16208.delete.1.tlog
c:\users\msi\desktop\upc-savetheriver\upc-savetheriver\debug\upc-savetheriver.tlog\link.16424.delete.1.tlog
c:\users\msi\desktop\upc-savetheriver\upc-savetheriver\debug\upc-savetheriver.tlog\link.16484.delete.1.tlog
c:\users\msi\desktop\upc-savetheriver\upc-savetheriver\debug\upc-savetheriver.tlog\link.16664.delete.1.tlog
c:\users\msi\desktop\upc-savetheriver\upc-savetheriver\debug\upc-savetheriver.tlog\link.16668.delete.1.tlog
c:\users\msi\desktop\upc-savetheriver\upc-savetheriver\debug\upc-savetheriver.tlog\link.16708.delete.1.tlog
c:\users\msi\desktop\upc-savetheriver\upc-savetheriver\debug\upc-savetheriver.tlog\link.16800.delete.1.tlog
c:\users\msi\desktop\upc-savetheriver\upc-savetheriver\debug\upc-savetheriver.tlog\link.16848.delete.1.tlog
c:\users\msi\desktop\upc-savetheriver\upc-savetheriver\debug\upc-savetheriver.tlog\link.16952.delete.1.tlog
c:\users\msi\desktop\upc-savetheriver\upc-savetheriver\debug\upc-savetheriver.tlog\link.17236.delete.1.tlog
c:\users\msi\desktop\upc-savetheriver\upc-savetheriver\debug\upc-savetheriver.tlog\link.17272.delete.1.tlog
c:\users\msi\desktop\upc-savetheriver\upc-savetheriver\debug\upc-savetheriver.tlog\link.17360.delete.1.tlog
c:\users\msi\desktop\upc-savetheriver\upc-savetheriver\debug\upc-savetheriver.tlog\link.1756.delete.1.tlog
c:\users\msi\desktop\upc-savetheriver\upc-savetheriver\debug\upc-savetheriver.tlog\link.1804.delete.1.tlog
c:\users\msi\desktop\upc-savetheriver\upc-savetheriver\debug\upc-savetheriver.tlog\link.18076.delete.1.tlog
c:\users\msi\desktop\upc-savetheriver\upc-savetheriver\debug\upc-savetheriver.tlog\link.18112.delete.1.tlog
c:\users\msi\desktop\upc-savetheriver\upc-savetheriver\debug\upc-savetheriver.tlog\link.18344.delete.1.tlog
c:\users\msi\desktop\upc-savetheriver\upc-savetheriver\debug\upc-savetheriver.tlog\link.18428.delete.1.tlog
c:\users\msi\desktop\upc-savetheriver\upc-savetheriver\debug\upc-savetheriver.tlog\link.18536.delete.1.tlog
c:\users\msi\desktop\upc-savetheriver\upc-savetheriver\debug\upc-savetheriver.tlog\link.18764.delete.1.tlog
c:\users\msi\desktop\upc-savetheriver\upc-savetheriver\debug\upc-savetheriver.tlog\link.18796.delete.1.tlog
c:\users\msi\desktop\upc-savetheriver\upc-savetheriver\debug\upc-savetheriver.tlog\link.18972.delete.1.tlog
c:\users\msi\desktop\upc-savetheriver\upc-savetheriver\debug\upc-savetheriver.tlog\link.19064.delete.1.tlog
c:\users\msi\desktop\upc-savetheriver\upc-savetheriver\debug\upc-savetheriver.tlog\link.19236.delete.1.tlog
c:\users\msi\desktop\upc-savetheriver\upc-savetheriver\debug\upc-savetheriver.tlog\link.1924.delete.1.tlog
c:\users\msi\desktop\upc-savetheriver\upc-savetheriver\debug\upc-savetheriver.tlog\link.19304.delete.1.tlog
c:\users\msi\desktop\upc-savetheriver\upc-savetheriver\debug\upc-savetheriver.tlog\link.1940.delete.1.tlog
c:\users\msi\desktop\upc-savetheriver\upc-savetheriver\debug\upc-savetheriver.tlog\link.1972.delete.1.tlog
c:\users\msi\desktop\upc-savetheriver\upc-savetheriver\debug\upc-savetheriver.tlog\link.19764.delete.1.tlog
c:\users\msi\desktop\upc-savetheriver\upc-savetheriver\debug\upc-savetheriver.tlog\link.1980.delete.1.tlog
c:\users\msi\desktop\upc-savetheriver\upc-savetheriver\debug\upc-savetheriver.tlog\link.2004.delete.1.tlog
c:\users\msi\desktop\upc-savetheriver\upc-savetheriver\debug\upc-savetheriver.tlog\link.20108.delete.1.tlog
c:\users\msi\desktop\upc-savetheriver\upc-savetheriver\debug\upc-savetheriver.tlog\link.20356.delete.1.tlog
c:\users\msi\desktop\upc-savetheriver\upc-savetheriver\debug\upc-savetheriver.tlog\link.20464.delete.1.tlog
c:\users\msi\desktop\upc-savetheriver\upc-savetheriver\debug\upc-savetheriver.tlog\link.2052.delete.1.tlog
c:\users\msi\desktop\upc-savetheriver\upc-savetheriver\debug\upc-savetheriver.tlog\link.2200.delete.1.tlog
c:\users\msi\desktop\upc-savetheriver\upc-savetheriver\debug\upc-savetheriver.tlog\link.2220.delete.1.tlog
c:\users\msi\desktop\upc-savetheriver\upc-savetheriver\debug\upc-savetheriver.tlog\link.2304.delete.1.tlog
c:\users\msi\desktop\upc-savetheriver\upc-savetheriver\debug\upc-savetheriver.tlog\link.2376.delete.1.tlog
c:\users\msi\desktop\upc-savetheriver\upc-savetheriver\debug\upc-savetheriver.tlog\link.2416.delete.1.tlog
c:\users\msi\desktop\upc-savetheriver\upc-savetheriver\debug\upc-savetheriver.tlog\link.2476.delete.1.tlog
c:\users\msi\desktop\upc-savetheriver\upc-savetheriver\debug\upc-savetheriver.tlog\link.2496.delete.1.tlog
c:\users\msi\desktop\upc-savetheriver\upc-savetheriver\debug\upc-savetheriver.tlog\link.2604.delete.1.tlog
c:\users\msi\desktop\upc-savetheriver\upc-savetheriver\debug\upc-savetheriver.tlog\link.2788.delete.1.tlog
c:\users\msi\desktop\upc-savetheriver\upc-savetheriver\debug\upc-savetheriver.tlog\link.2852.delete.1.tlog
c:\users\msi\desktop\upc-savetheriver\upc-savetheriver\debug\upc-savetheriver.tlog\link.3036.delete.1.tlog
c:\users\msi\desktop\upc-savetheriver\upc-savetheriver\debug\upc-savetheriver.tlog\link.3084.delete.1.tlog
c:\users\msi\desktop\upc-savetheriver\upc-savetheriver\debug\upc-savetheriver.tlog\link.3104.delete.1.tlog
c:\users\msi\desktop\upc-savetheriver\upc-savetheriver\debug\upc-savetheriver.tlog\link.3120.delete.1.tlog
c:\users\msi\desktop\upc-savetheriver\upc-savetheriver\debug\upc-savetheriver.tlog\link.3496.delete.1.tlog
c:\users\msi\desktop\upc-savetheriver\upc-savetheriver\debug\upc-savetheriver.tlog\link.3528.delete.1.tlog
c:\users\msi\desktop\upc-savetheriver\upc-savetheriver\debug\upc-savetheriver.tlog\link.3656.delete.1.tlog
c:\users\msi\desktop\upc-savetheriver\upc-savetheriver\debug\upc-savetheriver.tlog\link.3672.delete.1.tlog
c:\users\msi\desktop\upc-savetheriver\upc-savetheriver\debug\upc-savetheriver.tlog\link.3776.delete.1.tlog
c:\users\msi\desktop\upc-savetheriver\upc-savetheriver\debug\upc-savetheriver.tlog\link.4020.delete.1.tlog
c:\users\msi\desktop\upc-savetheriver\upc-savetheriver\debug\upc-savetheriver.tlog\link.4032.delete.1.tlog
c:\users\msi\desktop\upc-savetheriver\upc-savetheriver\debug\upc-savetheriver.tlog\link.4120.delete.1.tlog
c:\users\msi\desktop\upc-savetheriver\upc-savetheriver\debug\upc-savetheriver.tlog\link.4168.delete.1.tlog
c:\users\msi\desktop\upc-savetheriver\upc-savetheriver\debug\upc-savetheriver.tlog\link.4184.delete.1.tlog
c:\users\msi\desktop\upc-savetheriver\upc-savetheriver\debug\upc-savetheriver.tlog\link.4308.delete.1.tlog
c:\users\msi\desktop\upc-savetheriver\upc-savetheriver\debug\upc-savetheriver.tlog\link.4388.delete.1.tlog
c:\users\msi\desktop\upc-savetheriver\upc-savetheriver\debug\upc-savetheriver.tlog\link.4432.delete.1.tlog
c:\users\msi\desktop\upc-savetheriver\upc-savetheriver\debug\upc-savetheriver.tlog\link.476.delete.1.tlog
c:\users\msi\desktop\upc-savetheriver\upc-savetheriver\debug\upc-savetheriver.tlog\link.4764.delete.1.tlog
c:\users\msi\desktop\upc-savetheriver\upc-savetheriver\debug\upc-savetheriver.tlog\link.4808.delete.1.tlog
c:\users\msi\desktop\upc-savetheriver\upc-savetheriver\debug\upc-savetheriver.tlog\link.4820.delete.1.tlog
c:\users\msi\desktop\upc-savetheriver\upc-savetheriver\debug\upc-savetheriver.tlog\link.4864.delete.1.tlog
c:\users\msi\desktop\upc-savetheriver\upc-savetheriver\debug\upc-savetheriver.tlog\link.492.delete.1.tlog
c:\users\msi\desktop\upc-savetheriver\upc-savetheriver\debug\upc-savetheriver.tlog\link.516.delete.1.tlog
c:\users\msi\desktop\upc-savetheriver\upc-savetheriver\debug\upc-savetheriver.tlog\link.5188.delete.1.tlog
c:\users\msi\desktop\upc-savetheriver\upc-savetheriver\debug\upc-savetheriver.tlog\link.5232.delete.1.tlog
c:\users\msi\desktop\upc-savetheriver\upc-savetheriver\debug\upc-savetheriver.tlog\link.5328.delete.1.tlog
c:\users\msi\desktop\upc-savetheriver\upc-savetheriver\debug\upc-savetheriver.tlog\link.5532.delete.1.tlog
c:\users\msi\desktop\upc-savetheriver\upc-savetheriver\debug\upc-savetheriver.tlog\link.5560.delete.1.tlog
c:\users\msi\desktop\upc-savetheriver\upc-savetheriver\debug\upc-savetheriver.tlog\link.560.delete.1.tlog
c:\users\msi\desktop\upc-savetheriver\upc-savetheriver\debug\upc-savetheriver.tlog\link.5600.delete.1.tlog
c:\users\msi\desktop\upc-savetheriver\upc-savetheriver\debug\upc-savetheriver.tlog\link.5860.delete.1.tlog
c:\users\msi\desktop\upc-savetheriver\upc-savetheriver\debug\upc-savetheriver.tlog\link.6172.delete.1.tlog
c:\users\msi\desktop\upc-savetheriver\upc-savetheriver\debug\upc-savetheriver.tlog\link.6304.delete.1.tlog
c:\users\msi\desktop\upc-savetheriver\upc-savetheriver\debug\upc-savetheriver.tlog\link.6332.delete.1.tlog
c:\users\msi\desktop\upc-savetheriver\upc-savetheriver\debug\upc-savetheriver.tlog\link.6396.delete.1.tlog
c:\users\msi\desktop\upc-savetheriver\upc-savetheriver\debug\upc-savetheriver.tlog\link.6400.delete.1.tlog
c:\users\msi\desktop\upc-savetheriver\upc-savetheriver\debug\upc-savetheriver.tlog\link.6428.delete.1.tlog
c:\users\msi\desktop\upc-savetheriver\upc-savetheriver\debug\upc-savetheriver.tlog\link.6440.delete.1.tlog
c:\users\msi\desktop\upc-savetheriver\upc-savetheriver\debug\upc-savetheriver.tlog\link.6468.delete.1.tlog
c:\users\msi\desktop\upc-savetheriver\upc-savetheriver\debug\upc-savetheriver.tlog\link.6580.delete.1.tlog
c:\users\msi\desktop\upc-savetheriver\upc-savetheriver\debug\upc-savetheriver.tlog\link.6856.delete.1.tlog
c:\users\msi\desktop\upc-savetheriver\upc-savetheriver\debug\upc-savetheriver.tlog\link.6880.delete.1.tlog
c:\users\msi\desktop\upc-savetheriver\upc-savetheriver\debug\upc-savetheriver.tlog\link.7028.delete.1.tlog
c:\users\msi\desktop\upc-savetheriver\upc-savetheriver\debug\upc-savetheriver.tlog\link.7196.delete.1.tlog
c:\users\msi\desktop\upc-savetheriver\upc-savetheriver\debug\upc-savetheriver.tlog\link.7428.delete.1.tlog
c:\users\msi\desktop\upc-savetheriver\upc-savetheriver\debug\upc-savetheriver.tlog\link.7496.delete.1.tlog
c:\users\msi\desktop\upc-savetheriver\upc-savetheriver\debug\upc-savetheriver.tlog\link.7512.delete.1.tlog
c:\users\msi\desktop\upc-savetheriver\upc-savetheriver\debug\upc-savetheriver.tlog\link.7592.delete.1.tlog
c:\users\msi\desktop\upc-savetheriver\upc-savetheriver\debug\upc-savetheriver.tlog\link.7880.delete.1.tlog
c:\users\msi\desktop\upc-savetheriver\upc-savetheriver\debug\upc-savetheriver.tlog\link.7948.delete.1.tlog
c:\users\msi\desktop\upc-savetheriver\upc-savetheriver\debug\upc-savetheriver.tlog\link.8028.delete.1.tlog
c:\users\msi\desktop\upc-savetheriver\upc-savetheriver\debug\upc-savetheriver.tlog\link.8032.delete.1.tlog
c:\users\msi\desktop\upc-savetheriver\upc-savetheriver\debug\upc-savetheriver.tlog\link.8204.delete.1.tlog
c:\users\msi\desktop\upc-savetheriver\upc-savetheriver\debug\upc-savetheriver.tlog\link.8208.delete.1.tlog
c:\users\msi\desktop\upc-savetheriver\upc-savetheriver\debug\upc-savetheriver.tlog\link.8388.delete.1.tlog
c:\users\msi\desktop\upc-savetheriver\upc-savetheriver\debug\upc-savetheriver.tlog\link.8548.delete.1.tlog
c:\users\msi\desktop\upc-savetheriver\upc-savetheriver\debug\upc-savetheriver.tlog\link.8584.delete.1.tlog
c:\users\msi\desktop\upc-savetheriver\upc-savetheriver\debug\upc-savetheriver.tlog\link.8640.delete.1.tlog
c:\users\msi\desktop\upc-savetheriver\upc-savetheriver\debug\upc-savetheriver.tlog\link.8740.delete.1.tlog
c:\users\msi\desktop\upc-savetheriver\upc-savetheriver\debug\upc-savetheriver.tlog\link.8752.delete.1.tlog
c:\users\msi\desktop\upc-savetheriver\upc-savetheriver\debug\upc-savetheriver.tlog\link.8856.delete.1.tlog
c:\users\msi\desktop\upc-savetheriver\upc-savetheriver\debug\upc-savetheriver.tlog\link.8904.delete.1.tlog
c:\users\msi\desktop\upc-savetheriver\upc-savetheriver\debug\upc-savetheriver.tlog\link.9128.delete.1.tlog
c:\users\msi\desktop\upc-savetheriver\upc-savetheriver\debug\upc-savetheriver.tlog\link.9184.delete.1.tlog
c:\users\msi\desktop\upc-savetheriver\upc-savetheriver\debug\upc-savetheriver.tlog\link.9236.delete.1.tlog
c:\users\msi\desktop\upc-savetheriver\upc-savetheriver\debug\upc-savetheriver.tlog\link.9288.delete.1.tlog
c:\users\msi\desktop\upc-savetheriver\upc-savetheriver\debug\upc-savetheriver.tlog\link.9348.delete.1.tlog
c:\users\msi\desktop\upc-savetheriver\upc-savetheriver\debug\upc-savetheriver.tlog\link.9428.delete.1.tlog
c:\users\msi\desktop\upc-savetheriver\upc-savetheriver\debug\upc-savetheriver.tlog\link.9436.delete.1.tlog
c:\users\msi\desktop\upc-savetheriver\upc-savetheriver\debug\upc-savetheriver.tlog\link.9508.delete.1.tlog
c:\users\msi\desktop\upc-savetheriver\upc-savetheriver\debug\upc-savetheriver.tlog\link.9716.delete.1.tlog
c:\users\msi\desktop\upc-savetheriver\upc-savetheriver\debug\upc-savetheriver.tlog\link.9728.delete.1.tlog
c:\users\msi\desktop\upc-savetheriver\upc-savetheriver\debug\upc-savetheriver.tlog\link.9736.delete.1.tlog
c:\users\msi\desktop\upc-savetheriver\upc-savetheriver\debug\upc-savetheriver.tlog\link.9836.delete.1.tlog
c:\users\msi\desktop\upc-savetheriver\upc-savetheriver\debug\upc-savetheriver.tlog\link.command.1.tlog
c:\users\msi\desktop\upc-savetheriver\upc-savetheriver\debug\upc-savetheriver.tlog\link.read.1.tlog
c:\users\msi\desktop\upc-savetheriver\upc-savetheriver\debug\upc-savetheriver.tlog\link.write.1.tlog
c:\users\msi\desktop\upc-savetheriver\upc-savetheriver\debug\upc-savetheriver.tlog\metagen.read.1.tlog
c:\users\msi\desktop\upc-savetheriver\upc-savetheriver\debug\upc-savetheriver.tlog\metagen.write.1.tlog
c:\users\msi\desktop\upc-savetheriver\upc-savetheriver\debug\upc-savetheriver.tlog\rc.command.1.tlog
c:\users\msi\desktop\upc-savetheriver\upc-savetheriver\debug\upc-savetheriver.tlog\rc.read.1.tlog
c:\users\msi\desktop\upc-savetheriver\upc-savetheriver\debug\upc-savetheriver.tlog\rc.write.1.tlog
